<?xml version="1.0" encoding="UTF-8"?>
<testsuite xmlns:xsi="http://www.w3.org/2001/XMLSchema-instance" xsi:noNamespaceSchemaLocation="https://maven.apache.org/surefire/maven-surefire-plugin/xsd/surefire-test-report-3.0.xsd" version="3.0" name="BurgerTest" time="0.863" tests="7" errors="0" skipped="0" failures="0">
  <properties>
[...]
</properties>
  <testcase name="testGetPrice" classname="BurgerTest" time="0.735"/>
  <testcase name="testMoveIngredientInvalidIndex" classname="BurgerTest" time="0.01"/>
  <testcase name="testRemoveIngredient" classname="BurgerTest" time="0.009"/>
  <testcase name="testMoveIngredient" classname="BurgerTest" time="0.004"/>
  <testcase name="testRemoveIngredientInvalidIndex" classname="BurgerTest" time="0.005"/>
  <testcase name="testGetReceipt" classname="BurgerTest" time="0.085"/>
  <testcase name="testAddIngredient" classname="BurgerTest" time="0.011"/>
</testsuite>